<?xml version="1.0" encoding="UTF-8"?>
<testsuite name="kr.personal.blog.api.web.IndexControllerTest" tests="1" skipped="0" failures="0" errors="0" timestamp="2021-10-15T14:50:29" hostname="DESKTOP-VO4B47I" time="0.999">
  <properties/>
  <testcase name="메인페이지_로딩()" classname="kr.personal.blog.api.web.IndexControllerTest" time="0.999"/>
  <system-out><![CDATA[2021-10-15 23:50:15.030  INFO 10456 --- [    Test worker] .b.t.c.SpringBootTestContextBootstrapper : Neither @ContextConfiguration nor @ContextHierarchy found for test class [kr.personal.blog.api.web.IndexControllerTest], using SpringBootContextLoader
2021-10-15 23:50:15.034  INFO 10456 --- [    Test worker] o.s.t.c.support.AbstractContextLoader    : Could not detect default resource locations for test class [kr.personal.blog.api.web.IndexControllerTest]: no resource found for suffixes {-context.xml, Context.groovy}.
2021-10-15 23:50:15.035  INFO 10456 --- [    Test worker] t.c.s.AnnotationConfigContextLoaderUtils : Could not detect default configuration classes for test class [kr.personal.blog.api.web.IndexControllerTest]: IndexControllerTest does not declare any static, non-private, non-final, nested classes annotated with @Configuration.
2021-10-15 23:50:15.100  INFO 10456 --- [    Test worker] .b.t.c.SpringBootTestContextBootstrapper : Found @SpringBootConfiguration kr.personal.blog.ApiServerApplication for test class kr.personal.blog.api.web.IndexControllerTest
2021-10-15 23:50:15.105  INFO 10456 --- [    Test worker] .b.t.c.SpringBootTestContextBootstrapper : Loaded default TestExecutionListener class names from location [META-INF/spring.factories]: [org.springframework.security.test.context.support.WithSecurityContextTestExecutionListener, org.springframework.security.test.context.support.ReactorContextTestExecutionListener, org.springframework.boot.test.autoconfigure.restdocs.RestDocsTestExecutionListener, org.springframework.boot.test.autoconfigure.web.client.MockRestServiceServerResetTestExecutionListener, org.springframework.boot.test.autoconfigure.web.servlet.MockMvcPrintOnlyOnFailureTestExecutionListener, org.springframework.boot.test.autoconfigure.web.servlet.WebDriverTestExecutionListener, org.springframework.boot.test.autoconfigure.webservices.client.MockWebServiceServerTestExecutionListener, org.springframework.boot.test.mock.mockito.MockitoTestExecutionListener, org.springframework.boot.test.mock.mockito.ResetMocksTestExecutionListener, org.springframework.test.context.web.ServletTestExecutionListener, org.springframework.test.context.support.DirtiesContextBeforeModesTestExecutionListener, org.springframework.test.context.support.DependencyInjectionTestExecutionListener, org.springframework.test.context.support.DirtiesContextTestExecutionListener, org.springframework.test.context.transaction.TransactionalTestExecutionListener, org.springframework.test.context.jdbc.SqlScriptsTestExecutionListener, org.springframework.test.context.event.EventPublishingTestExecutionListener]
2021-10-15 23:50:15.110  INFO 10456 --- [    Test worker] .b.t.c.SpringBootTestContextBootstrapper : Using TestExecutionListeners: [org.springframework.test.context.web.ServletTestExecutionListener@1900a8e, org.springframework.test.context.support.DirtiesContextBeforeModesTestExecutionListener@42d995a8, org.springframework.boot.test.mock.mockito.MockitoTestExecutionListener@595bb627, org.springframework.boot.test.autoconfigure.SpringBootDependencyInjectionTestExecutionListener@6603815d, org.springframework.test.context.support.DirtiesContextTestExecutionListener@67c62369, org.springframework.test.context.transaction.TransactionalTestExecutionListener@69bc9eec, org.springframework.test.context.jdbc.SqlScriptsTestExecutionListener@6dd2e772, org.springframework.security.test.context.support.WithSecurityContextTestExecutionListener@17218afc, org.springframework.test.context.event.EventPublishingTestExecutionListener@412a2e1a, org.springframework.security.test.context.support.ReactorContextTestExecutionListener@4c6c932d, org.springframework.boot.test.autoconfigure.restdocs.RestDocsTestExecutionListener@367f04a5, org.springframework.boot.test.autoconfigure.web.client.MockRestServiceServerResetTestExecutionListener@2d920efc, org.springframework.boot.test.autoconfigure.web.servlet.MockMvcPrintOnlyOnFailureTestExecutionListener@3dd8afaa, org.springframework.boot.test.autoconfigure.web.servlet.WebDriverTestExecutionListener@1505a6c7, org.springframework.boot.test.autoconfigure.webservices.client.MockWebServiceServerTestExecutionListener@5b11d2ee, org.springframework.boot.test.mock.mockito.ResetMocksTestExecutionListener@6649d29e]

  .   ____          _            __ _ _
 /\\ / ___'_ __ _ _(_)_ __  __ _ \ \ \ \
( ( )\___ | '_ | '_| | '_ \/ _` | \ \ \ \
 \\/  ___)| |_)| | | | | || (_| |  ) ) ) )
  '  |____| .__|_| |_|_| |_\__, | / / / /
 =========|_|==============|___/=/_/_/_/
 :: Spring Boot ::                (v2.4.1)

2021-10-15 23:50:15.287  INFO 10456 --- [    Test worker] k.p.blog.api.web.IndexControllerTest     : Starting IndexControllerTest using Java 11 on DESKTOP-VO4B47I with PID 10456 (started by hwkim in C:\Users\hwkim\IdeaProjects\banln-service\banln-api-server)
2021-10-15 23:50:15.289  INFO 10456 --- [    Test worker] k.p.blog.api.web.IndexControllerTest     : No active profile set, falling back to default profiles: default
2021-10-15 23:50:17.627  INFO 10456 --- [    Test worker] .s.d.r.c.RepositoryConfigurationDelegate : Bootstrapping Spring Data JPA repositories in DEFAULT mode.
2021-10-15 23:50:17.842  INFO 10456 --- [    Test worker] .s.d.r.c.RepositoryConfigurationDelegate : Finished Spring Data repository scanning in 212 ms. Found 2 JPA repository interfaces.
2021-10-15 23:50:20.286  INFO 10456 --- [    Test worker] o.s.b.w.embedded.tomcat.TomcatWebServer  : Tomcat initialized with port(s): 0 (http)
2021-10-15 23:50:20.397  INFO 10456 --- [    Test worker] o.apache.catalina.core.StandardService   : Starting service [Tomcat]
2021-10-15 23:50:20.399  INFO 10456 --- [    Test worker] org.apache.catalina.core.StandardEngine  : Starting Servlet engine: [Apache Tomcat/9.0.41]
2021-10-15 23:50:22.438  INFO 10456 --- [    Test worker] org.apache.jasper.servlet.TldScanner     : At least one JAR was scanned for TLDs yet contained no TLDs. Enable debug logging for this logger for a complete list of JARs that were scanned but no TLDs were found in them. Skipping unneeded JARs during scanning can improve startup time and JSP compilation time.
2021-10-15 23:50:22.525  INFO 10456 --- [    Test worker] o.a.c.c.C.[Tomcat].[localhost].[/]       : Initializing Spring embedded WebApplicationContext
2021-10-15 23:50:22.525  INFO 10456 --- [    Test worker] w.s.c.ServletWebServerApplicationContext : Root WebApplicationContext: initialization completed in 7223 ms
2021-10-15 23:50:23.187  INFO 10456 --- [    Test worker] com.zaxxer.hikari.HikariDataSource       : HikariPool-2 - Starting...
2021-10-15 23:50:23.190  INFO 10456 --- [    Test worker] com.zaxxer.hikari.HikariDataSource       : HikariPool-2 - Start completed.
2021-10-15 23:50:23.191  INFO 10456 --- [    Test worker] o.s.b.a.h2.H2ConsoleAutoConfiguration    : H2 console available at '/h2-console'. Database available at 'jdbc:h2:mem:testdb'
2021-10-15 23:50:25.199  INFO 10456 --- [    Test worker] o.hibernate.jpa.internal.util.LogHelper  : HHH000204: Processing PersistenceUnitInfo [name: default]
2021-10-15 23:50:25.283  INFO 10456 --- [    Test worker] org.hibernate.dialect.Dialect            : HHH000400: Using dialect: org.hibernate.dialect.MySQL57Dialect
Hibernate: 
    
    drop table if exists posts
Hibernate: 
    
    drop table if exists user
Hibernate: 
    
    create table posts (
       id bigint not null auto_increment,
        created_date datetime(6),
        modified_date datetime(6),
        author varchar(255),
        content TEXT not null,
        title varchar(500) not null,
        primary key (id)
    ) engine=InnoDB
Hibernate: 
    
    create table user (
       id bigint not null auto_increment,
        created_date datetime(6),
        modified_date datetime(6),
        email varchar(255) not null,
        name varchar(255) not null,
        picture varchar(255),
        role varchar(255) not null,
        primary key (id)
    ) engine=InnoDB
2021-10-15 23:50:25.656  INFO 10456 --- [    Test worker] o.h.e.t.j.p.i.JtaPlatformInitiator       : HHH000490: Using JtaPlatform implementation: [org.hibernate.engine.transaction.jta.platform.internal.NoJtaPlatform]
2021-10-15 23:50:25.656  INFO 10456 --- [    Test worker] j.LocalContainerEntityManagerFactoryBean : Initialized JPA EntityManagerFactory for persistence unit 'default'
2021-10-15 23:50:26.513  WARN 10456 --- [    Test worker] JpaBaseConfiguration$JpaWebConfiguration : spring.jpa.open-in-view is enabled by default. Therefore, database queries may be performed during view rendering. Explicitly configure spring.jpa.open-in-view to disable this warning
2021-10-15 23:50:28.163  INFO 10456 --- [    Test worker] o.s.s.web.DefaultSecurityFilterChain     : Will secure any request with [org.springframework.security.web.context.request.async.WebAsyncManagerIntegrationFilter@2a0eb177, org.springframework.security.web.context.SecurityContextPersistenceFilter@1fa67e7d, org.springframework.security.web.header.HeaderWriterFilter@5b3a4346, org.springframework.security.web.authentication.logout.LogoutFilter@7f266c5f, org.springframework.security.oauth2.client.web.OAuth2AuthorizationRequestRedirectFilter@246b35b8, org.springframework.security.oauth2.client.web.OAuth2LoginAuthenticationFilter@18dab3a, org.springframework.security.web.authentication.ui.DefaultLoginPageGeneratingFilter@66eae42e, org.springframework.security.web.authentication.ui.DefaultLogoutPageGeneratingFilter@8b55cd5, org.springframework.security.web.savedrequest.RequestCacheAwareFilter@5b606db, org.springframework.security.web.servletapi.SecurityContextHolderAwareRequestFilter@c1f5558, org.springframework.security.web.authentication.AnonymousAuthenticationFilter@750e7e8e, org.springframework.security.web.session.SessionManagementFilter@61e16fca, org.springframework.security.web.access.ExceptionTranslationFilter@214779b3, org.springframework.security.web.access.intercept.FilterSecurityInterceptor@9157182]
2021-10-15 23:50:28.300  INFO 10456 --- [    Test worker] pertySourcedRequestMappingHandlerMapping : Mapped URL path [/v2/api-docs] onto method [springfox.documentation.swagger2.web.Swagger2Controller#getDocumentation(String, HttpServletRequest)]
2021-10-15 23:50:28.719  INFO 10456 --- [    Test worker] o.s.s.concurrent.ThreadPoolTaskExecutor  : Initializing ExecutorService 'applicationTaskExecutor'
2021-10-15 23:50:28.838  INFO 10456 --- [    Test worker] o.s.b.a.w.s.WelcomePageHandlerMapping    : Adding welcome page template: index
2021-10-15 23:50:29.828  INFO 10456 --- [    Test worker] o.s.b.w.embedded.tomcat.TomcatWebServer  : Tomcat started on port(s): 3672 (http) with context path ''
2021-10-15 23:50:29.830  INFO 10456 --- [    Test worker] d.s.w.p.DocumentationPluginsBootstrapper : Context refreshed
2021-10-15 23:50:29.832  INFO 10456 --- [    Test worker] d.s.w.p.DocumentationPluginsBootstrapper : Found 1 custom documentation plugin(s)
2021-10-15 23:50:29.867  INFO 10456 --- [    Test worker] s.d.s.w.s.ApiListingReferenceScanner     : Scanning for api listing references
2021-10-15 23:50:29.971  INFO 10456 --- [    Test worker] s.a.ScheduledAnnotationBeanPostProcessor : No TaskScheduler/ScheduledExecutorService bean found for scheduled processing
2021-10-15 23:50:29.974  INFO 10456 --- [    Test worker] k.p.blog.api.web.IndexControllerTest     : Started IndexControllerTest in 14.856 seconds (JVM running for 60.98)
2021-10-15 23:50:30.435  INFO 10456 --- [o-auto-1-exec-2] o.a.c.c.C.[Tomcat].[localhost].[/]       : Initializing Spring DispatcherServlet 'dispatcherServlet'
2021-10-15 23:50:30.436  INFO 10456 --- [o-auto-1-exec-2] o.s.web.servlet.DispatcherServlet        : Initializing Servlet 'dispatcherServlet'
2021-10-15 23:50:30.438  INFO 10456 --- [o-auto-1-exec-2] o.s.web.servlet.DispatcherServlet        : Completed initialization in 2 ms
Hibernate: 
    select
        posts0_.id as id1_0_,
        posts0_.created_date as created_2_0_,
        posts0_.modified_date as modified3_0_,
        posts0_.author as author4_0_,
        posts0_.content as content5_0_,
        posts0_.title as title6_0_ 
    from
        posts posts0_ 
    order by
        posts0_.id DESC
<!DOCTYPE HTML>
<html>
<head>
    <title>스프링부트 웹서비스</title>
    <meta http-equiv="Content-Type" content="text/html; charset=UTF-8" />

    <link rel="stylesheet" href="https://stackpath.bootstrapcdn.com/bootstrap/4.3.1/css/bootstrap.min.css">
</head>
<body>

<h1>스프링부트로 시작하는 웹 서비스 Ver.2</h1>
<div class="col-md-12">
    <div class="row">
        <div class="col-md-6">
            <a href="/posts/save" role="button" class="btn btn-primary">글 등록</a>
                <a href="/oauth2/authorization/google" class="btn btn-success active" role="button">Google Login</a>
                <a href="/oauth2/authorization/naver" class="btn btn-secondary active" role="button">Naver Login</a>
        </div>
    </div>
    <br>
    <!-- 목록 출력 영역 -->
    <table class="table table-horizontal table-bordered">
        <thead class="thead-strong">
        <tr>
            <th>게시글번호</th>
            <th>제목</th>
            <th>작성자</th>
            <th>최종수정일</th>
        </tr>
        </thead>
        <tbody id="tbody">
        </tbody>
    </table>
</div>

<script src="https://code.jquery.com/jquery-3.3.1.min.js"></script>
<script src="https://stackpath.bootstrapcdn.com/bootstrap/4.3.1/js/bootstrap.min.js"></script>

<!--index.js 추가-->
<script src="/js/app/index.js"></script>
</body>
</html>
]]></system-out>
  <system-err><![CDATA[]]></system-err>
</testsuite>
