<?xml version="1.0" encoding="UTF-8"?>
<testsuite name="kr.personal.blog.api.web.dto.SampleResponseDtoTest" tests="1" skipped="0" failures="0" errors="0" timestamp="2021-10-10T10:43:32" hostname="hwkimuicBookPro" time="0.007">
  <properties/>
  <testcase name="롬복_기능_테스트()" classname="kr.personal.blog.api.web.dto.SampleResponseDtoTest" time="0.007"/>
  <system-out><![CDATA[]]></system-out>
  <system-err><![CDATA[]]></system-err>
</testsuite>
