<?xml version="1.0" encoding="UTF-8"?>
<testsuite name="kr.personal.blog.api.web.SampleControllerTest" tests="2" skipped="0" failures="0" errors="0" timestamp="2021-10-15T14:50:37" hostname="DESKTOP-VO4B47I" time="0.177">
  <properties/>
  <testcase name="hello가_리턴된다()" classname="kr.personal.blog.api.web.SampleControllerTest" time="0.054"/>
  <testcase name="helloDto가_리턴된다()" classname="kr.personal.blog.api.web.SampleControllerTest" time="0.119"/>
  <system-out><![CDATA[2021-10-15 23:50:32.404  INFO 10456 --- [    Test worker] .b.t.a.w.s.WebMvcTestContextBootstrapper : Neither @ContextConfiguration nor @ContextHierarchy found for test class [kr.personal.blog.api.web.SampleControllerTest], using SpringBootContextLoader
2021-10-15 23:50:32.408  INFO 10456 --- [    Test worker] o.s.t.c.support.AbstractContextLoader    : Could not detect default resource locations for test class [kr.personal.blog.api.web.SampleControllerTest]: no resource found for suffixes {-context.xml, Context.groovy}.
2021-10-15 23:50:32.408  INFO 10456 --- [    Test worker] t.c.s.AnnotationConfigContextLoaderUtils : Could not detect default configuration classes for test class [kr.personal.blog.api.web.SampleControllerTest]: SampleControllerTest does not declare any static, non-private, non-final, nested classes annotated with @Configuration.
2021-10-15 23:50:32.459  INFO 10456 --- [    Test worker] .b.t.c.SpringBootTestContextBootstrapper : Found @SpringBootConfiguration kr.personal.blog.ApiServerApplication for test class kr.personal.blog.api.web.SampleControllerTest
2021-10-15 23:50:32.463  INFO 10456 --- [    Test worker] .b.t.a.w.s.WebMvcTestContextBootstrapper : Loaded default TestExecutionListener class names from location [META-INF/spring.factories]: [org.springframework.security.test.context.support.WithSecurityContextTestExecutionListener, org.springframework.security.test.context.support.ReactorContextTestExecutionListener, org.springframework.boot.test.autoconfigure.restdocs.RestDocsTestExecutionListener, org.springframework.boot.test.autoconfigure.web.client.MockRestServiceServerResetTestExecutionListener, org.springframework.boot.test.autoconfigure.web.servlet.MockMvcPrintOnlyOnFailureTestExecutionListener, org.springframework.boot.test.autoconfigure.web.servlet.WebDriverTestExecutionListener, org.springframework.boot.test.autoconfigure.webservices.client.MockWebServiceServerTestExecutionListener, org.springframework.boot.test.mock.mockito.MockitoTestExecutionListener, org.springframework.boot.test.mock.mockito.ResetMocksTestExecutionListener, org.springframework.test.context.web.ServletTestExecutionListener, org.springframework.test.context.support.DirtiesContextBeforeModesTestExecutionListener, org.springframework.test.context.support.DependencyInjectionTestExecutionListener, org.springframework.test.context.support.DirtiesContextTestExecutionListener, org.springframework.test.context.transaction.TransactionalTestExecutionListener, org.springframework.test.context.jdbc.SqlScriptsTestExecutionListener, org.springframework.test.context.event.EventPublishingTestExecutionListener]
2021-10-15 23:50:32.467  INFO 10456 --- [    Test worker] .b.t.a.w.s.WebMvcTestContextBootstrapper : Using TestExecutionListeners: [org.springframework.test.context.web.ServletTestExecutionListener@7bb16e44, org.springframework.test.context.support.DirtiesContextBeforeModesTestExecutionListener@67e3a90d, org.springframework.boot.test.mock.mockito.MockitoTestExecutionListener@4fca09b9, org.springframework.boot.test.autoconfigure.SpringBootDependencyInjectionTestExecutionListener@489fe4b7, org.springframework.test.context.support.DirtiesContextTestExecutionListener@38ac70ae, org.springframework.test.context.transaction.TransactionalTestExecutionListener@427d1d77, org.springframework.test.context.jdbc.SqlScriptsTestExecutionListener@5de55340, org.springframework.security.test.context.support.WithSecurityContextTestExecutionListener@6a68be17, org.springframework.test.context.event.EventPublishingTestExecutionListener@311a9af4, org.springframework.security.test.context.support.ReactorContextTestExecutionListener@1b26af05, org.springframework.boot.test.autoconfigure.restdocs.RestDocsTestExecutionListener@6c2e9072, org.springframework.boot.test.autoconfigure.web.client.MockRestServiceServerResetTestExecutionListener@439913e6, org.springframework.boot.test.autoconfigure.web.servlet.MockMvcPrintOnlyOnFailureTestExecutionListener@26b1fc5b, org.springframework.boot.test.autoconfigure.web.servlet.WebDriverTestExecutionListener@841210f, org.springframework.boot.test.autoconfigure.webservices.client.MockWebServiceServerTestExecutionListener@10749d75, org.springframework.boot.test.mock.mockito.ResetMocksTestExecutionListener@1b79babe]

  .   ____          _            __ _ _
 /\\ / ___'_ __ _ _(_)_ __  __ _ \ \ \ \
( ( )\___ | '_ | '_| | '_ \/ _` | \ \ \ \
 \\/  ___)| |_)| | | | | || (_| |  ) ) ) )
  '  |____| .__|_| |_|_| |_\__, | / / / /
 =========|_|==============|___/=/_/_/_/
 :: Spring Boot ::                (v2.4.1)

2021-10-15 23:50:32.592  INFO 10456 --- [    Test worker] k.p.blog.api.web.SampleControllerTest    : Starting SampleControllerTest using Java 11 on DESKTOP-VO4B47I with PID 10456 (started by hwkim in C:\Users\hwkim\IdeaProjects\banln-service\banln-api-server)
2021-10-15 23:50:32.593  INFO 10456 --- [    Test worker] k.p.blog.api.web.SampleControllerTest    : No active profile set, falling back to default profiles: default
2021-10-15 23:50:35.484  INFO 10456 --- [    Test worker] pertySourcedRequestMappingHandlerMapping : Mapped URL path [/v2/api-docs] onto method [springfox.documentation.swagger2.web.Swagger2Controller#getDocumentation(String, HttpServletRequest)]
2021-10-15 23:50:35.840  INFO 10456 --- [    Test worker] o.s.s.concurrent.ThreadPoolTaskExecutor  : Initializing ExecutorService 'applicationTaskExecutor'
2021-10-15 23:50:35.911  INFO 10456 --- [    Test worker] o.s.b.a.w.s.WelcomePageHandlerMapping    : Adding welcome page template: index
2021-10-15 23:50:36.872  INFO 10456 --- [    Test worker] o.s.s.web.DefaultSecurityFilterChain     : Will secure any request with [org.springframework.security.web.context.request.async.WebAsyncManagerIntegrationFilter@d168ffc, org.springframework.security.web.context.SecurityContextPersistenceFilter@21a7a66b, org.springframework.security.web.header.HeaderWriterFilter@659e2ada, org.springframework.security.web.csrf.CsrfFilter@163e92bc, org.springframework.security.web.authentication.logout.LogoutFilter@c7ad41e, org.springframework.security.oauth2.client.web.OAuth2AuthorizationRequestRedirectFilter@3bf33f29, org.springframework.security.oauth2.client.web.OAuth2AuthorizationRequestRedirectFilter@66a3dc15, org.springframework.security.oauth2.client.web.OAuth2LoginAuthenticationFilter@4c01cf7, org.springframework.security.web.authentication.ui.DefaultLoginPageGeneratingFilter@2a42324a, org.springframework.security.web.authentication.ui.DefaultLogoutPageGeneratingFilter@5d8b7890, org.springframework.security.web.savedrequest.RequestCacheAwareFilter@1957e922, org.springframework.security.web.servletapi.SecurityContextHolderAwareRequestFilter@d0bc828, org.springframework.security.web.authentication.AnonymousAuthenticationFilter@15f7af75, org.springframework.security.oauth2.client.web.OAuth2AuthorizationCodeGrantFilter@3c4ab753, org.springframework.security.web.session.SessionManagementFilter@5aa8e98d, org.springframework.security.web.access.ExceptionTranslationFilter@7d7e3ee, org.springframework.security.web.access.intercept.FilterSecurityInterceptor@1da33fda]
2021-10-15 23:50:37.028  INFO 10456 --- [    Test worker] o.s.b.t.m.w.SpringBootMockServletContext : Initializing Spring TestDispatcherServlet ''
2021-10-15 23:50:37.028  INFO 10456 --- [    Test worker] o.s.t.web.servlet.TestDispatcherServlet  : Initializing Servlet ''
2021-10-15 23:50:37.029  INFO 10456 --- [    Test worker] o.s.t.web.servlet.TestDispatcherServlet  : Completed initialization in 1 ms
2021-10-15 23:50:37.061  INFO 10456 --- [    Test worker] d.s.w.p.DocumentationPluginsBootstrapper : Context refreshed
2021-10-15 23:50:37.062  INFO 10456 --- [    Test worker] d.s.w.p.DocumentationPluginsBootstrapper : Found 1 custom documentation plugin(s)
2021-10-15 23:50:37.085  INFO 10456 --- [    Test worker] s.d.s.w.s.ApiListingReferenceScanner     : Scanning for api listing references
2021-10-15 23:50:37.184  INFO 10456 --- [    Test worker] k.p.blog.api.web.SampleControllerTest    : Started SampleControllerTest in 4.71 seconds (JVM running for 68.189)
]]></system-out>
  <system-err><![CDATA[]]></system-err>
</testsuite>
