<?xml version="1.0" encoding="UTF-8"?>
<testsuite name="kr.personal.blog.api.web.dto.SampleResponseDtoTest" tests="1" skipped="0" failures="0" errors="0" timestamp="2021-10-15T14:50:15" hostname="DESKTOP-VO4B47I" time="0.016">
  <properties/>
  <testcase name="롬복_기능_테스트()" classname="kr.personal.blog.api.web.dto.SampleResponseDtoTest" time="0.016"/>
  <system-out><![CDATA[]]></system-out>
  <system-err><![CDATA[]]></system-err>
</testsuite>
