<?xml version="1.0" encoding="UTF-8"?>
<testsuite name="kr.personal.blog.api.web.IndexControllerTest" tests="1" skipped="0" failures="0" errors="0" timestamp="2021-10-10T10:43:33" hostname="hwkimuicBookPro" time="0.063">
  <properties/>
  <testcase name="메인페이지_로딩()" classname="kr.personal.blog.api.web.IndexControllerTest" time="0.063"/>
  <system-out><![CDATA[2021-10-10 19:43:33.576  INFO 7693 --- [    Test worker] .b.t.c.SpringBootTestContextBootstrapper : Neither @ContextConfiguration nor @ContextHierarchy found for test class [kr.personal.blog.api.web.IndexControllerTest], using SpringBootContextLoader
2021-10-10 19:43:33.577  INFO 7693 --- [    Test worker] o.s.t.c.support.AbstractContextLoader    : Could not detect default resource locations for test class [kr.personal.blog.api.web.IndexControllerTest]: no resource found for suffixes {-context.xml, Context.groovy}.
2021-10-10 19:43:33.578  INFO 7693 --- [    Test worker] t.c.s.AnnotationConfigContextLoaderUtils : Could not detect default configuration classes for test class [kr.personal.blog.api.web.IndexControllerTest]: IndexControllerTest does not declare any static, non-private, non-final, nested classes annotated with @Configuration.
2021-10-10 19:43:33.579  INFO 7693 --- [    Test worker] .b.t.c.SpringBootTestContextBootstrapper : Found @SpringBootConfiguration kr.personal.blog.ApiServerApplication for test class kr.personal.blog.api.web.IndexControllerTest
2021-10-10 19:43:33.580  INFO 7693 --- [    Test worker] .b.t.c.SpringBootTestContextBootstrapper : Loaded default TestExecutionListener class names from location [META-INF/spring.factories]: [org.springframework.security.test.context.support.WithSecurityContextTestExecutionListener, org.springframework.security.test.context.support.ReactorContextTestExecutionListener, org.springframework.boot.test.autoconfigure.restdocs.RestDocsTestExecutionListener, org.springframework.boot.test.autoconfigure.web.client.MockRestServiceServerResetTestExecutionListener, org.springframework.boot.test.autoconfigure.web.servlet.MockMvcPrintOnlyOnFailureTestExecutionListener, org.springframework.boot.test.autoconfigure.web.servlet.WebDriverTestExecutionListener, org.springframework.boot.test.autoconfigure.webservices.client.MockWebServiceServerTestExecutionListener, org.springframework.boot.test.mock.mockito.MockitoTestExecutionListener, org.springframework.boot.test.mock.mockito.ResetMocksTestExecutionListener, org.springframework.test.context.web.ServletTestExecutionListener, org.springframework.test.context.support.DirtiesContextBeforeModesTestExecutionListener, org.springframework.test.context.support.DependencyInjectionTestExecutionListener, org.springframework.test.context.support.DirtiesContextTestExecutionListener, org.springframework.test.context.transaction.TransactionalTestExecutionListener, org.springframework.test.context.jdbc.SqlScriptsTestExecutionListener, org.springframework.test.context.event.EventPublishingTestExecutionListener]
2021-10-10 19:43:33.581  INFO 7693 --- [    Test worker] .b.t.c.SpringBootTestContextBootstrapper : Using TestExecutionListeners: [org.springframework.test.context.web.ServletTestExecutionListener@10151d3d, org.springframework.test.context.support.DirtiesContextBeforeModesTestExecutionListener@a9296ac, org.springframework.boot.test.mock.mockito.MockitoTestExecutionListener@6aab8d70, org.springframework.boot.test.autoconfigure.SpringBootDependencyInjectionTestExecutionListener@6968b9ea, org.springframework.test.context.support.DirtiesContextTestExecutionListener@512cad0f, org.springframework.test.context.transaction.TransactionalTestExecutionListener@4f957670, org.springframework.test.context.jdbc.SqlScriptsTestExecutionListener@79e3a2ff, org.springframework.security.test.context.support.WithSecurityContextTestExecutionListener@55e8e3c0, org.springframework.test.context.event.EventPublishingTestExecutionListener@619868a7, org.springframework.security.test.context.support.ReactorContextTestExecutionListener@5daa412, org.springframework.boot.test.autoconfigure.restdocs.RestDocsTestExecutionListener@614a1a0c, org.springframework.boot.test.autoconfigure.web.client.MockRestServiceServerResetTestExecutionListener@732e1306, org.springframework.boot.test.autoconfigure.web.servlet.MockMvcPrintOnlyOnFailureTestExecutionListener@51d19094, org.springframework.boot.test.autoconfigure.web.servlet.WebDriverTestExecutionListener@17b5488, org.springframework.boot.test.autoconfigure.webservices.client.MockWebServiceServerTestExecutionListener@3050b4d1, org.springframework.boot.test.mock.mockito.ResetMocksTestExecutionListener@33e537fe]
Hibernate: 
    select
        posts0_.id as id1_0_,
        posts0_.created_date as created_2_0_,
        posts0_.modified_date as modified3_0_,
        posts0_.author as author4_0_,
        posts0_.content as content5_0_,
        posts0_.title as title6_0_ 
    from
        posts posts0_ 
    order by
        posts0_.id DESC
<!DOCTYPE HTML>
<html>
<head>
    <title>스프링부트 웹서비스</title>
    <meta http-equiv="Content-Type" content="text/html; charset=UTF-8" />

    <link rel="stylesheet" href="https://stackpath.bootstrapcdn.com/bootstrap/4.3.1/css/bootstrap.min.css">
</head>
<body>

<h1>스프링부트로 시작하는 웹 서비스 Ver.2</h1>
<div class="col-md-12">
    <div class="row">
        <div class="col-md-6">
            <a href="/posts/save" role="button" class="btn btn-primary">글 등록</a>
                <a href="/oauth2/authorization/google" class="btn btn-success active" role="button">Google Login</a>
                <a href="/oauth2/authorization/naver" class="btn btn-secondary active" role="button">Naver Login</a>
        </div>
    </div>
    <br>
    <!-- 목록 출력 영역 -->
    <table class="table table-horizontal table-bordered">
        <thead class="thead-strong">
        <tr>
            <th>게시글번호</th>
            <th>제목</th>
            <th>작성자</th>
            <th>최종수정일</th>
        </tr>
        </thead>
        <tbody id="tbody">
        </tbody>
    </table>
</div>

<script src="https://code.jquery.com/jquery-3.3.1.min.js"></script>
<script src="https://stackpath.bootstrapcdn.com/bootstrap/4.3.1/js/bootstrap.min.js"></script>

<!--index.js 추가-->
<script src="/js/app/index.js"></script>
</body>
</html>
]]></system-out>
  <system-err><![CDATA[]]></system-err>
</testsuite>
